<?xml version="1.0" encoding="UTF-8"?>
<!-- Generated by org.testng.reporters.JUnitReportReporter -->
<testsuite hostname="IB-Pune-LAP-245" failures="0" tests="3" name="ExcelData" time="4.371" errors="0" timestamp="2022-07-28T18:21:25 IST" skipped="0">
  <testcase classname="ExcelData" name="getBook" time="0.425"/>
  <system-out/>
  <testcase classname="ExcelData" name="deleteBook" time="0.136"/>
  <system-out/>
  <testcase classname="ExcelData" name="addBook" time="3.810"/>
  <system-out/>
</testsuite> <!-- ExcelData -->
